2022-09-28 11:48:31.303  INFO 14060 --- [main] integration.FireStationControllerTest    : Starting FireStationControllerTest using Java 11.0.13 on DESKTOP-EVEM585 with PID 14060 (started by Ricama in F:\code\alert)
2022-09-28 11:48:31.308  INFO 14060 --- [main] integration.FireStationControllerTest    : No active profile set, falling back to 1 default profile: "default"
2022-09-28 11:48:32.610  INFO 14060 --- [main] .s.d.r.c.RepositoryConfigurationDelegate : Bootstrapping Spring Data JPA repositories in DEFAULT mode.
2022-09-28 11:48:32.695  INFO 14060 --- [main] .s.d.r.c.RepositoryConfigurationDelegate : Finished Spring Data repository scanning in 67 ms. Found 5 JPA repository interfaces.
2022-09-28 11:48:33.423  INFO 14060 --- [main] com.zaxxer.hikari.HikariDataSource       : HikariPool-1 - Starting...
2022-09-28 11:48:33.923  INFO 14060 --- [main] com.zaxxer.hikari.HikariDataSource       : HikariPool-1 - Start completed.
2022-09-28 11:48:34.049  INFO 14060 --- [main] o.hibernate.jpa.internal.util.LogHelper  : HHH000204: Processing PersistenceUnitInfo [name: default]
2022-09-28 11:48:34.120  INFO 14060 --- [main] org.hibernate.Version                    : HHH000412: Hibernate ORM core version 5.6.9.Final
2022-09-28 11:48:34.165  INFO 14060 --- [main] o.hibernate.annotations.common.Version   : HCANN000001: Hibernate Commons Annotations {5.1.2.Final}
2022-09-28 11:48:34.334  INFO 14060 --- [main] org.hibernate.dialect.Dialect            : HHH000400: Using dialect: org.hibernate.dialect.H2Dialect
2022-09-28 11:48:34.886  INFO 14060 --- [main] o.h.e.t.j.p.i.JtaPlatformInitiator       : HHH000490: Using JtaPlatform implementation: [org.hibernate.engine.transaction.jta.platform.internal.NoJtaPlatform]
2022-09-28 11:48:34.894  INFO 14060 --- [main] j.LocalContainerEntityManagerFactoryBean : Initialized JPA EntityManagerFactory for persistence unit 'default'
2022-09-28 11:48:35.611  WARN 14060 --- [main] JpaBaseConfiguration$JpaWebConfiguration : spring.jpa.open-in-view is enabled by default. Therefore, database queries may be performed during view rendering. Explicitly configure spring.jpa.open-in-view to disable this warning
2022-09-28 11:48:37.481  INFO 14060 --- [main] o.s.b.t.m.w.SpringBootMockServletContext : Initializing Spring TestDispatcherServlet ''
2022-09-28 11:48:37.482  INFO 14060 --- [main] o.s.t.web.servlet.TestDispatcherServlet  : Initializing Servlet ''
2022-09-28 11:48:37.488  INFO 14060 --- [main] o.s.b.a.e.web.EndpointLinksResolver      : Exposing 14 endpoint(s) beneath base path '/actuator'
2022-09-28 11:48:37.512  INFO 14060 --- [main] o.s.t.web.servlet.TestDispatcherServlet  : Completed initialization in 30 ms
2022-09-28 11:48:37.539  INFO 14060 --- [main] integration.FireStationControllerTest    : Started FireStationControllerTest in 6.613 seconds (JVM running for 8.843)
2022-09-28 11:48:37.937  INFO 14060 --- [main] c.s.alert.model.dao.FirestationsDaoImpl  : FireStation create.
2022-09-28 11:48:38.027  INFO 14060 --- [main] c.s.a.controller.FireStationController   : PUT FireStation executed
2022-09-28 11:48:38.033  INFO 14060 --- [main] c.s.alert.model.dao.FirestationsDaoImpl  : FireStation update.
2022-09-28 11:48:38.056  INFO 14060 --- [main] c.s.alert.model.dao.FirestationsDaoImpl  : FireStation delete by address
2022-09-28 11:48:38.075  INFO 14060 --- [main] c.s.alert.model.dao.FirestationsDaoImpl  : FireStation create.
2022-09-28 11:48:38.080  INFO 14060 --- [main] c.s.a.controller.FireStationController   : DELETE FireStation executed
2022-09-28 11:48:38.080  INFO 14060 --- [main] c.s.alert.model.dao.FirestationsDaoImpl  : FireStation delete by address
2022-09-28 11:48:38.088  INFO 14060 --- [main] c.s.a.controller.FireStationController   : POST FireStation executed
2022-09-28 11:48:38.090  INFO 14060 --- [main] c.s.alert.model.dao.FirestationsDaoImpl  : FireStation create.
2022-09-28 11:48:38.091  INFO 14060 --- [main] c.s.alert.model.dao.FirestationsDaoImpl  : FireStation delete by address
2022-09-28 11:48:38.097  INFO 14060 --- [main] .b.t.c.SpringBootTestContextBootstrapper : Neither @ContextConfiguration nor @ContextHierarchy found for test class [integration.MedicalRecordControllerTest], using SpringBootContextLoader
2022-09-28 11:48:38.098  INFO 14060 --- [main] o.s.t.c.support.AbstractContextLoader    : Could not detect default resource locations for test class [integration.MedicalRecordControllerTest]: no resource found for suffixes {-context.xml, Context.groovy}.
2022-09-28 11:48:38.101  INFO 14060 --- [main] .b.t.c.SpringBootTestContextBootstrapper : Loaded default TestExecutionListener class names from location [META-INF/spring.factories]: [org.springframework.boot.test.mock.mockito.MockitoTestExecutionListener, org.springframework.boot.test.mock.mockito.ResetMocksTestExecutionListener, org.springframework.boot.test.autoconfigure.restdocs.RestDocsTestExecutionListener, org.springframework.boot.test.autoconfigure.web.client.MockRestServiceServerResetTestExecutionListener, org.springframework.boot.test.autoconfigure.web.servlet.MockMvcPrintOnlyOnFailureTestExecutionListener, org.springframework.boot.test.autoconfigure.web.servlet.WebDriverTestExecutionListener, org.springframework.boot.test.autoconfigure.webservices.client.MockWebServiceServerTestExecutionListener, org.springframework.test.context.web.ServletTestExecutionListener, org.springframework.test.context.support.DirtiesContextBeforeModesTestExecutionListener, org.springframework.test.context.event.ApplicationEventsTestExecutionListener, org.springframework.test.context.support.DependencyInjectionTestExecutionListener, org.springframework.test.context.support.DirtiesContextTestExecutionListener, org.springframework.test.context.transaction.TransactionalTestExecutionListener, org.springframework.test.context.jdbc.SqlScriptsTestExecutionListener, org.springframework.test.context.event.EventPublishingTestExecutionListener]
2022-09-28 11:48:38.101  INFO 14060 --- [main] .b.t.c.SpringBootTestContextBootstrapper : Using TestExecutionListeners: [org.springframework.test.context.web.ServletTestExecutionListener@3084fea5, org.springframework.test.context.support.DirtiesContextBeforeModesTestExecutionListener@b297913, org.springframework.test.context.event.ApplicationEventsTestExecutionListener@e4d97fe, org.springframework.boot.test.mock.mockito.MockitoTestExecutionListener@3fd27f3e, org.springframework.boot.test.autoconfigure.SpringBootDependencyInjectionTestExecutionListener@2834cfb7, org.springframework.test.context.support.DirtiesContextTestExecutionListener@6815ca43, org.springframework.test.context.transaction.TransactionalTestExecutionListener@a8542d8, org.springframework.test.context.jdbc.SqlScriptsTestExecutionListener@2682f739, org.springframework.test.context.event.EventPublishingTestExecutionListener@2845dd29, org.springframework.boot.test.mock.mockito.ResetMocksTestExecutionListener@6e444db0, org.springframework.boot.test.autoconfigure.restdocs.RestDocsTestExecutionListener@4e775122, org.springframework.boot.test.autoconfigure.web.client.MockRestServiceServerResetTestExecutionListener@7ffd4cea, org.springframework.boot.test.autoconfigure.web.servlet.MockMvcPrintOnlyOnFailureTestExecutionListener@79577aa9, org.springframework.boot.test.autoconfigure.web.servlet.WebDriverTestExecutionListener@353291fe, org.springframework.boot.test.autoconfigure.webservices.client.MockWebServiceServerTestExecutionListener@41b8283b]
2022-09-28 11:48:38.111  INFO 14060 --- [main] c.s.a.c.MedicalRecordController          : POST MedicalRecord executed
2022-09-28 11:48:38.112  INFO 14060 --- [main] c.s.a.model.dao.MedicalrecordsDaoImpl    : MedicalRecord create
2022-09-28 11:48:38.116  INFO 14060 --- [main] c.s.a.model.dao.MedicalrecordsDaoImpl    : medication save
2022-09-28 11:48:38.118  INFO 14060 --- [main] c.s.a.model.dao.MedicalrecordsDaoImpl    : medication save
2022-09-28 11:48:38.119  INFO 14060 --- [main] c.s.a.model.dao.MedicalrecordsDaoImpl    : allergy save
2022-09-28 11:48:38.133  INFO 14060 --- [main] c.s.a.model.dao.MedicalrecordsDaoImpl    : MedicalRecord create
2022-09-28 11:48:38.136  INFO 14060 --- [main] c.s.a.model.dao.MedicalrecordsDaoImpl    : medication save
2022-09-28 11:48:38.138  INFO 14060 --- [main] c.s.a.model.dao.MedicalrecordsDaoImpl    : allergy save
2022-09-28 11:48:38.139  INFO 14060 --- [main] c.s.a.c.MedicalRecordController          : DELETE MedicalRecord executed
2022-09-28 11:48:38.139  INFO 14060 --- [main] c.s.a.model.dao.MedicalrecordsDaoImpl    : MedicalRecord delete
2022-09-28 11:48:38.164  INFO 14060 --- [main] c.s.a.model.dao.MedicalrecordsDaoImpl    : MedicalRecord create
2022-09-28 11:48:38.169  INFO 14060 --- [main] c.s.a.model.dao.MedicalrecordsDaoImpl    : medication save
2022-09-28 11:48:38.170  INFO 14060 --- [main] c.s.a.model.dao.MedicalrecordsDaoImpl    : allergy save
2022-09-28 11:48:38.174  WARN 14060 --- [main] .w.s.m.s.DefaultHandlerExceptionResolver : Resolved [org.springframework.http.converter.HttpMessageNotReadableException: JSON parse error: Unexpected character ('a' (code 97)): was expecting comma to separate Object entries; nested exception is com.fasterxml.jackson.core.JsonParseException: Unexpected character ('a' (code 97)): was expecting comma to separate Object entries<EOL> at [Source: (org.springframework.util.StreamUtils$NonClosingInputStream); line: 1, column: 81]]
2022-09-28 11:48:38.178  INFO 14060 --- [main] .b.t.c.SpringBootTestContextBootstrapper : Neither @ContextConfiguration nor @ContextHierarchy found for test class [integration.PersonControllerTest], using SpringBootContextLoader
2022-09-28 11:48:38.179  INFO 14060 --- [main] o.s.t.c.support.AbstractContextLoader    : Could not detect default resource locations for test class [integration.PersonControllerTest]: no resource found for suffixes {-context.xml, Context.groovy}.
2022-09-28 11:48:38.183  INFO 14060 --- [main] .b.t.c.SpringBootTestContextBootstrapper : Loaded default TestExecutionListener class names from location [META-INF/spring.factories]: [org.springframework.boot.test.mock.mockito.MockitoTestExecutionListener, org.springframework.boot.test.mock.mockito.ResetMocksTestExecutionListener, org.springframework.boot.test.autoconfigure.restdocs.RestDocsTestExecutionListener, org.springframework.boot.test.autoconfigure.web.client.MockRestServiceServerResetTestExecutionListener, org.springframework.boot.test.autoconfigure.web.servlet.MockMvcPrintOnlyOnFailureTestExecutionListener, org.springframework.boot.test.autoconfigure.web.servlet.WebDriverTestExecutionListener, org.springframework.boot.test.autoconfigure.webservices.client.MockWebServiceServerTestExecutionListener, org.springframework.test.context.web.ServletTestExecutionListener, org.springframework.test.context.support.DirtiesContextBeforeModesTestExecutionListener, org.springframework.test.context.event.ApplicationEventsTestExecutionListener, org.springframework.test.context.support.DependencyInjectionTestExecutionListener, org.springframework.test.context.support.DirtiesContextTestExecutionListener, org.springframework.test.context.transaction.TransactionalTestExecutionListener, org.springframework.test.context.jdbc.SqlScriptsTestExecutionListener, org.springframework.test.context.event.EventPublishingTestExecutionListener]
2022-09-28 11:48:38.183  INFO 14060 --- [main] .b.t.c.SpringBootTestContextBootstrapper : Using TestExecutionListeners: [org.springframework.test.context.web.ServletTestExecutionListener@48307d1a, org.springframework.test.context.support.DirtiesContextBeforeModesTestExecutionListener@3bdbdd8a, org.springframework.test.context.event.ApplicationEventsTestExecutionListener@618210bd, org.springframework.boot.test.mock.mockito.MockitoTestExecutionListener@62a36cd9, org.springframework.boot.test.autoconfigure.SpringBootDependencyInjectionTestExecutionListener@29b0153a, org.springframework.test.context.support.DirtiesContextTestExecutionListener@4ce2ba0b, org.springframework.test.context.transaction.TransactionalTestExecutionListener@3d145cd2, org.springframework.test.context.jdbc.SqlScriptsTestExecutionListener@44a83a0d, org.springframework.test.context.event.EventPublishingTestExecutionListener@6d98ee67, org.springframework.boot.test.mock.mockito.ResetMocksTestExecutionListener@3473333d, org.springframework.boot.test.autoconfigure.restdocs.RestDocsTestExecutionListener@2b1e1bad, org.springframework.boot.test.autoconfigure.web.client.MockRestServiceServerResetTestExecutionListener@2e633491, org.springframework.boot.test.autoconfigure.web.servlet.MockMvcPrintOnlyOnFailureTestExecutionListener@4220cec, org.springframework.boot.test.autoconfigure.web.servlet.WebDriverTestExecutionListener@29e52d8e, org.springframework.boot.test.autoconfigure.webservices.client.MockWebServiceServerTestExecutionListener@72fd886c]
2022-09-28 11:48:38.191  INFO 14060 --- [main] c.s.alert.controller.PersonController    : getPersonByEmail executed
2022-09-28 11:48:38.192  INFO 14060 --- [main] c.s.alert.model.dao.PersonDaoImpl        : getEmailByCity
2022-09-28 11:48:38.214  INFO 14060 --- [main] c.s.alert.controller.PersonController    : personInfo executed
2022-09-28 11:48:38.214  INFO 14060 --- [main] c.s.alert.model.dao.PersonDaoImpl        : personInfo
2022-09-28 11:48:38.228  INFO 14060 --- [main] c.s.alert.controller.PersonController    : getPersonByStation executed
2022-09-28 11:48:38.228  INFO 14060 --- [main] c.s.alert.model.dao.PersonDaoImpl        : PersonByStationList
2022-09-28 11:48:38.242  INFO 14060 --- [main] c.s.alert.model.dao.PersonDaoImpl        : Person create
2022-09-28 11:48:38.246  INFO 14060 --- [main] c.s.alert.controller.PersonController    : PUT Person executed
2022-09-28 11:48:38.246  INFO 14060 --- [main] c.s.alert.model.dao.PersonDaoImpl        : Person update
2022-09-28 11:48:38.253  INFO 14060 --- [main] c.s.alert.model.dao.PersonDaoImpl        : Person delete
2022-09-28 11:48:38.262  INFO 14060 --- [main] c.s.alert.controller.PersonController    : personByAddress executed
2022-09-28 11:48:38.262  INFO 14060 --- [main] c.s.alert.model.dao.PersonDaoImpl        : personByAddress
2022-09-28 11:48:38.276  INFO 14060 --- [main] c.s.alert.controller.PersonController    : childByAddress executed
2022-09-28 11:48:38.276  INFO 14060 --- [main] c.s.alert.model.dao.PersonDaoImpl        : childByAddress
2022-09-28 11:48:38.285  INFO 14060 --- [main] c.s.alert.controller.PersonController    : getHomeByStation executed
2022-09-28 11:48:38.285  INFO 14060 --- [main] c.s.alert.model.dao.PersonDaoImpl        : getHomeByStation
2022-09-28 11:48:38.298  INFO 14060 --- [main] c.s.alert.controller.PersonController    : getPhoneByStation executed
2022-09-28 11:48:38.298  INFO 14060 --- [main] c.s.alert.model.dao.PersonDaoImpl        : getPhoneByStation
2022-09-28 11:48:38.307  INFO 14060 --- [main] c.s.alert.controller.PersonController    : POST Person executed
2022-09-28 11:48:38.307  INFO 14060 --- [main] c.s.alert.model.dao.PersonDaoImpl        : Person create
2022-09-28 11:48:38.309  INFO 14060 --- [main] c.s.alert.model.dao.PersonDaoImpl        : Person delete
2022-09-28 11:48:38.316  INFO 14060 --- [main] c.s.alert.model.dao.PersonDaoImpl        : Person create
2022-09-28 11:48:38.318  INFO 14060 --- [main] c.s.alert.controller.PersonController    : Delete Person executed
2022-09-28 11:48:38.318  INFO 14060 --- [main] c.s.alert.model.dao.PersonDaoImpl        : Person delete
2022-09-28 11:48:38.345  INFO 14060 --- [SpringApplicationShutdownHook] j.LocalContainerEntityManagerFactoryBean : Closing JPA EntityManagerFactory for persistence unit 'default'
2022-09-28 11:48:38.346  INFO 14060 --- [SpringApplicationShutdownHook] .SchemaDropperImpl$DelayedDropActionImpl : HHH000477: Starting delayed evictData of schema as part of SessionFactory shut-down'
2022-09-28 11:48:38.348  WARN 14060 --- [SpringApplicationShutdownHook] o.h.engine.jdbc.spi.SqlExceptionHelper   : SQL Error: 90121, SQLState: 90121
2022-09-28 11:48:38.348 ERROR 14060 --- [SpringApplicationShutdownHook] o.h.engine.jdbc.spi.SqlExceptionHelper   : La base de données est déjà fermée (pour désactiver la fermeture automatique à l'arrêt de la VM, ajoutez "; DB_CLOSE_ON_EXIT = FALSE" à l'URL db)
Database is already closed (to disable automatic closing at VM shutdown, add ";DB_CLOSE_ON_EXIT=FALSE" to the db URL) [90121-212]
2022-09-28 11:48:38.349  WARN 14060 --- [SpringApplicationShutdownHook] o.h.engine.jdbc.spi.SqlExceptionHelper   : SQL Error: 90121, SQLState: 90121
2022-09-28 11:48:38.349 ERROR 14060 --- [SpringApplicationShutdownHook] o.h.engine.jdbc.spi.SqlExceptionHelper   : La base de données est déjà fermée (pour désactiver la fermeture automatique à l'arrêt de la VM, ajoutez "; DB_CLOSE_ON_EXIT = FALSE" à l'URL db)
Database is already closed (to disable automatic closing at VM shutdown, add ";DB_CLOSE_ON_EXIT=FALSE" to the db URL) [90121-212]
2022-09-28 11:48:38.349  WARN 14060 --- [SpringApplicationShutdownHook] o.s.b.f.support.DisposableBeanAdapter    : Invocation of destroy method failed on bean with name 'entityManagerFactory': org.hibernate.exception.JDBCConnectionException: Unable to release JDBC Connection used for DDL execution
2022-09-28 11:48:38.349  INFO 14060 --- [SpringApplicationShutdownHook] com.zaxxer.hikari.HikariDataSource       : HikariPool-1 - Shutdown initiated...
2022-09-28 11:48:38.352  INFO 14060 --- [SpringApplicationShutdownHook] com.zaxxer.hikari.HikariDataSource       : HikariPool-1 - Shutdown completed.
